2025/08/21 09:14:33 === 日志文件开始 - 2025-08-21 09:14:33 ===
2025/08/21 09:14:33 [2025-08-21 09:14:33] [INFO] 服务器启动成功
2025/08/21 09:38:27 === 日志文件开始 - 2025-08-21 09:38:27 ===
2025/08/21 09:38:27 [2025-08-21 09:38:27] [INFO] 数据库连接成功
2025/08/21 09:38:27 [2025-08-21 09:38:27] [INFO] 开始注册HTTP路由接口
2025/08/21 09:38:27 [2025-08-21 09:38:27] [INFO] 静态页面路由注册成功: GET /
2025/08/21 09:38:27 [2025-08-21 09:38:27] [INFO] 在线人数上报接口注册成功: POST /onlineNum
2025/08/21 09:38:27 [2025-08-21 09:38:27] [INFO] 玩家登录接口注册成功: POST /user_login
2025/08/21 09:38:27 [2025-08-21 09:38:27] [INFO] 获取今天在线人数统计接口注册成功: GET /today_online
2025/08/21 09:38:27 [2025-08-21 09:38:27] [INFO] 获取今天活跃玩家人数接口注册成功: GET /getactivateplayer
2025/08/21 09:38:27 [2025-08-21 09:38:27] [INFO] 手动清理玩家缓存接口注册成功: POST /cache/clear_players
2025/08/21 09:38:27 [2025-08-21 09:38:27] [INFO] 所有HTTP路由接口注册完成
2025/08/21 09:38:27 [2025-08-21 09:38:27] [INFO] 服务器启动成功
2025/08/21 09:43:43 === 日志文件开始 - 2025-08-21 09:43:43 ===
2025/08/21 09:43:43 [2025-08-21 09:43:43] [INFO] 数据库连接成功
2025/08/21 09:43:43 [2025-08-21 09:43:43] [INFO] 开始注册HTTP路由接口
2025/08/21 09:43:43 [2025-08-21 09:43:43] [INFO] 静态页面路由注册成功: GET /
2025/08/21 09:43:43 [2025-08-21 09:43:43] [INFO] 在线人数上报接口注册成功: POST /onlineNum
2025/08/21 09:43:43 [2025-08-21 09:43:43] [INFO] 玩家登录接口注册成功: POST /user_login
2025/08/21 09:43:43 [2025-08-21 09:43:43] [INFO] 获取今天在线人数统计接口注册成功: GET /today_online
2025/08/21 09:43:43 [2025-08-21 09:43:43] [INFO] 获取今天活跃玩家人数接口注册成功: GET /getactivateplayer
2025/08/21 09:43:43 [2025-08-21 09:43:43] [INFO] 获取今天新增玩家人数接口注册成功: GET /getnewplayer
2025/08/21 09:43:43 [2025-08-21 09:43:43] [INFO] 手动清理玩家缓存接口注册成功: POST /cache/clear_players
2025/08/21 09:43:43 [2025-08-21 09:43:43] [INFO] 所有HTTP路由接口注册完成
2025/08/21 09:43:43 [2025-08-21 09:43:43] [INFO] 服务器启动成功
2025/08/21 10:14:06 === 日志文件开始 - 2025-08-21 10:14:06 ===
2025/08/21 10:14:06 [2025-08-21 10:14:06] [INFO] 数据库连接成功
2025/08/21 10:14:06 [2025-08-21 10:14:06] [INFO] 开始注册HTTP路由接口
2025/08/21 10:14:06 [2025-08-21 10:14:06] [INFO] 静态页面路由注册成功: GET /
2025/08/21 10:14:06 [2025-08-21 10:14:06] [INFO] 在线人数上报接口注册成功: POST /onlineNum
2025/08/21 10:14:06 [2025-08-21 10:14:06] [INFO] 玩家登录接口注册成功: POST /user_login
2025/08/21 10:14:06 [2025-08-21 10:14:06] [INFO] 支付上报接口注册成功: POST /pay_report
2025/08/21 10:14:06 [2025-08-21 10:14:06] [INFO] 获取今天在线人数统计接口注册成功: GET /today_online
2025/08/21 10:14:06 [2025-08-21 10:14:06] [INFO] 获取今天活跃玩家人数接口注册成功: GET /getactivateplayer
2025/08/21 10:14:06 [2025-08-21 10:14:06] [INFO] 获取今天新增玩家人数接口注册成功: GET /getnewplayer
2025/08/21 10:14:06 [2025-08-21 10:14:06] [INFO] 获取今天支付统计接口注册成功: GET /get_today_payment_stats
2025/08/21 10:14:06 [2025-08-21 10:14:06] [INFO] 手动清理玩家缓存接口注册成功: POST /cache/clear_players
2025/08/21 10:14:06 [2025-08-21 10:14:06] [INFO] 所有HTTP路由接口注册完成
2025/08/21 10:14:06 [2025-08-21 10:14:06] [INFO] 服务器启动成功
2025/08/21 10:20:06 === 日志文件开始 - 2025-08-21 10:20:06 ===
2025/08/21 10:20:06 [2025-08-21 10:20:06] [INFO] 数据库连接成功
2025/08/21 10:20:06 [2025-08-21 10:20:06] [INFO] 开始注册HTTP路由接口
2025/08/21 10:20:06 [2025-08-21 10:20:06] [INFO] 静态页面路由注册成功: GET /
2025/08/21 10:20:06 [2025-08-21 10:20:06] [INFO] 在线人数上报接口注册成功: POST /onlineNum
2025/08/21 10:20:06 [2025-08-21 10:20:06] [INFO] 玩家登录接口注册成功: POST /user_login
2025/08/21 10:20:06 [2025-08-21 10:20:06] [INFO] 支付上报接口注册成功: POST /pay_report
2025/08/21 10:20:06 [2025-08-21 10:20:06] [INFO] 获取今天在线人数统计接口注册成功: GET /today_online
2025/08/21 10:20:06 [2025-08-21 10:20:06] [INFO] 获取今天活跃玩家人数接口注册成功: GET /getactivateplayer
2025/08/21 10:20:06 [2025-08-21 10:20:06] [INFO] 获取今天新增玩家人数接口注册成功: GET /getnewplayer
2025/08/21 10:20:06 [2025-08-21 10:20:06] [INFO] 获取今天支付统计接口注册成功: GET /get_today_payment_stats
2025/08/21 10:20:06 [2025-08-21 10:20:06] [INFO] 手动清理玩家缓存接口注册成功: POST /cache/clear_players
2025/08/21 10:20:06 [2025-08-21 10:20:06] [INFO] 所有HTTP路由接口注册完成
2025/08/21 10:20:06 [2025-08-21 10:20:06] [INFO] 服务器启动成功
